# JRE version: OpenJDK Runtime Environment (8.0_112-b06) (build 1.8.0_112-release-b06)
# Java VM: OpenJDK 64-Bit Server VM (25.112-b06 mixed mode windows-amd64 compressed oops)
Heap:
 PSYoungGen      total 209408K, used 13835K [0x00000000e0000000, 0x00000000ee180000, 0x0000000100000000)
  eden space 187904K, 6% used [0x00000000e0000000,0x00000000e0bbd548,0x00000000eb780000)
  from space 21504K, 8% used [0x00000000eb780000,0x00000000eb945a20,0x00000000ecc80000)
  to   space 13312K, 0% used [0x00000000ed480000,0x00000000ed480000,0x00000000ee180000)
 ParOldGen       total 102912K, used 39779K [0x00000000a0000000, 0x00000000a6480000, 0x00000000e0000000)
  object space 102912K, 38% used [0x00000000a0000000,0x00000000a26d8d98,0x00000000a6480000)
 Metaspace       used 59929K, capacity 61898K, committed 62080K, reserved 1103872K
  class space    used 7884K, capacity 8278K, committed 8320K, reserved 1048576K
GC Heap History (10 events):
Event: 69.427 GC heap before
{Heap before GC invocations=19 (full 2):
 PSYoungGen      total 161792K, used 92256K [0x00000000e0000000, 0x00000000eaf00000, 0x0000000100000000)
  eden space 148480K, 59% used [0x00000000e0000000,0x00000000e5614550,0x00000000e9100000)
  from space 13312K, 30% used [0x00000000ea200000,0x00000000ea603d88,0x00000000eaf00000)
  to   space 15360K, 0% used [0x00000000e9100000,0x00000000e9100000,0x00000000ea000000)
 ParOldGen       total 57344K, used 30972K [0x00000000a0000000, 0x00000000a3800000, 0x00000000e0000000)
  object space 57344K, 54% used [0x00000000a0000000,0x00000000a1e3f1e8,0x00000000a3800000)
 Metaspace       used 57256K, capacity 58976K, committed 59160K, reserved 1099776K
  class space    used 7610K, capacity 7957K, committed 8064K, reserved 1048576K
Event: 69.465 GC heap after
Heap after GC invocations=19 (full 2):
 PSYoungGen      total 163840K, used 15331K [0x00000000e0000000, 0x00000000ee900000, 0x0000000100000000)
  eden space 148480K, 0% used [0x00000000e0000000,0x00000000e0000000,0x00000000e9100000)
  from space 15360K, 99% used [0x00000000e9100000,0x00000000e9ff8f80,0x00000000ea000000)
  to   space 20992K, 0% used [0x00000000ed480000,0x00000000ed480000,0x00000000ee900000)
 ParOldGen       total 57344K, used 40230K [0x00000000a0000000, 0x00000000a3800000, 0x00000000e0000000)
  object space 57344K, 70% used [0x00000000a0000000,0x00000000a2749a48,0x00000000a3800000)
 Metaspace       used 57256K, capacity 58976K, committed 59160K, reserved 1099776K
  class space    used 7610K, capacity 7957K, committed 8064K, reserved 1048576K
}
Event: 69.465 GC heap before
{Heap before GC invocations=20 (full 3):
 PSYoungGen      total 163840K, used 15331K [0x00000000e0000000, 0x00000000ee900000, 0x0000000100000000)
  eden space 148480K, 0% used [0x00000000e0000000,0x00000000e0000000,0x00000000e9100000)
  from space 15360K, 99% used [0x00000000e9100000,0x00000000e9ff8f80,0x00000000ea000000)
  to   space 20992K, 0% used [0x00000000ed480000,0x00000000ed480000,0x00000000ee900000)
 ParOldGen       total 57344K, used 40230K [0x00000000a0000000, 0x00000000a3800000, 0x00000000e0000000)
  object space 57344K, 70% used [0x00000000a0000000,0x00000000a2749a48,0x00000000a3800000)
 Metaspace       used 57256K, capacity 58976K, committed 59160K, reserved 1099776K
  class space    used 7610K, capacity 7957K, committed 8064K, reserved 1048576K
Event: 69.998 GC heap after
Heap after GC invocations=20 (full 3):
 PSYoungGen      total 163840K, used 0K [0x00000000e0000000, 0x00000000ee900000, 0x0000000100000000)
  eden space 148480K, 0% used [0x00000000e0000000,0x00000000e0000000,0x00000000e9100000)
  from space 15360K, 0% used [0x00000000e9100000,0x00000000e9100000,0x00000000ea000000)
  to   space 20992K, 0% used [0x00000000ed480000,0x00000000ed480000,0x00000000ee900000)
 ParOldGen       total 57344K, used 53637K [0x00000000a0000000, 0x00000000a3800000, 0x00000000e0000000)
  object space 57344K, 93% used [0x00000000a0000000,0x00000000a34617b0,0x00000000a3800000)
 Metaspace       used 57255K, capacity 58970K, committed 59160K, reserved 1099776K
  class space    used 7609K, capacity 7956K, committed 8064K, reserved 1048576K
}
Event: 77.247 GC heap before
{Heap before GC invocations=21 (full 4):
 PSYoungGen      total 163840K, used 148361K [0x00000000e0000000, 0x00000000ee900000, 0x0000000100000000)
  eden space 148480K, 99% used [0x00000000e0000000,0x00000000e90e27c8,0x00000000e9100000)
  from space 15360K, 0% used [0x00000000e9100000,0x00000000e9100000,0x00000000ea000000)
  to   space 20992K, 0% used [0x00000000ed480000,0x00000000ed480000,0x00000000ee900000)
 ParOldGen       total 57344K, used 53637K [0x00000000a0000000, 0x00000000a3800000, 0x00000000e0000000)
  object space 57344K, 93% used [0x00000000a0000000,0x00000000a34617b0,0x00000000a3800000)
 Metaspace       used 58689K, capacity 60590K, committed 60672K, reserved 1101824K
  class space    used 7781K, capacity 8180K, committed 8192K, reserved 1048576K
Event: 77.387 GC heap after
Heap after GC invocations=21 (full 4):
 PSYoungGen      total 163840K, used 0K [0x00000000e0000000, 0x00000000ee900000, 0x0000000100000000)
  eden space 148480K, 0% used [0x00000000e0000000,0x00000000e0000000,0x00000000e9100000)
  from space 15360K, 0% used [0x00000000e9100000,0x00000000e9100000,0x00000000ea000000)
  to   space 20992K, 0% used [0x00000000ed480000,0x00000000ed480000,0x00000000ee900000)
 ParOldGen       total 102912K, used 39739K [0x00000000a0000000, 0x00000000a6480000, 0x00000000e0000000)
  object space 102912K, 38% used [0x00000000a0000000,0x00000000a26ced98,0x00000000a6480000)
 Metaspace       used 58689K, capacity 60590K, committed 60672K, reserved 1101824K
  class space    used 7781K, capacity 8180K, committed 8192K, reserved 1048576K
}
Event: 77.423 GC heap before
{Heap before GC invocations=22 (full 4):
 PSYoungGen      total 163840K, used 148430K [0x00000000e0000000, 0x00000000ee900000, 0x0000000100000000)
  eden space 148480K, 99% used [0x00000000e0000000,0x00000000e90f3a08,0x00000000e9100000)
  from space 15360K, 0% used [0x00000000e9100000,0x00000000e9100000,0x00000000ea000000)
  to   space 20992K, 0% used [0x00000000ed480000,0x00000000ed480000,0x00000000ee900000)
 ParOldGen       total 102912K, used 39739K [0x00000000a0000000, 0x00000000a6480000, 0x00000000e0000000)
  object space 102912K, 38% used [0x00000000a0000000,0x00000000a26ced98,0x00000000a6480000)
 Metaspace       used 58693K, capacity 60590K, committed 60672K, reserved 1101824K
  class space    used 7781K, capacity 8180K, committed 8192K, reserved 1048576K
Event: 77.431 GC heap after
Heap after GC invocations=22 (full 4):
 PSYoungGen      total 201216K, used 96K [0x00000000e0000000, 0x00000000ee180000, 0x0000000100000000)
  eden space 187904K, 0% used [0x00000000e0000000,0x00000000e0000000,0x00000000eb780000)
  from space 13312K, 0% used [0x00000000ed480000,0x00000000ed498000,0x00000000ee180000)
  to   space 21504K, 0% used [0x00000000eb780000,0x00000000eb780000,0x00000000ecc80000)
 ParOldGen       total 102912K, used 39747K [0x00000000a0000000, 0x00000000a6480000, 0x00000000e0000000)
  object space 102912K, 38% used [0x00000000a0000000,0x00000000a26d0d98,0x00000000a6480000)
 Metaspace       used 58693K, capacity 60590K, committed 60672K, reserved 1101824K
  class space    used 7781K, capacity 8180K, committed 8192K, reserved 1048576K
}
Event: 83.787 GC heap before
{Heap before GC invocations=23 (full 4):
 PSYoungGen      total 201216K, used 188000K [0x00000000e0000000, 0x00000000ee180000, 0x0000000100000000)
  eden space 187904K, 100% used [0x00000000e0000000,0x00000000eb780000,0x00000000eb780000)
  from space 13312K, 0% used [0x00000000ed480000,0x00000000ed498000,0x00000000ee180000)
  to   space 21504K, 0% used [0x00000000eb780000,0x00000000eb780000,0x00000000ecc80000)
 ParOldGen       total 102912K, used 39747K [0x00000000a0000000, 0x00000000a6480000, 0x00000000e0000000)
  object space 102912K, 38% used [0x00000000a0000000,0x00000000a26d0d98,0x00000000a6480000)
 Metaspace       used 59842K, capacity 61834K, committed 62080K, reserved 1103872K
  class space    used 7883K, capacity 8278K, committed 8320K, reserved 1048576K
Event: 83.791 GC heap after
Heap after GC invocations=23 (full 4):
 PSYoungGen      total 209408K, used 1814K [0x00000000e0000000, 0x00000000ee180000, 0x0000000100000000)
  eden space 187904K, 0% used [0x00000000e0000000,0x00000000e0000000,0x00000000eb780000)
  from space 21504K, 8% used [0x00000000eb780000,0x00000000eb945a20,0x00000000ecc80000)
  to   space 13312K, 0% used [0x00000000ed480000,0x00000000ed480000,0x00000000ee180000)
 ParOldGen       total 102912K, used 39779K [0x00000000a0000000, 0x00000000a6480000, 0x00000000e0000000)
  object space 102912K, 38% used [0x00000000a0000000,0x00000000a26d8d98,0x00000000a6480000)
 Metaspace       used 59842K, capacity 61834K, committed 62080K, reserved 1103872K
  class space    used 7883K, capacity 8278K, committed 8320K, reserved 1048576K
}

