# JRE version: OpenJDK Runtime Environment (8.0_112-b06) (build 1.8.0_112-release-b06)
# Java VM: OpenJDK 64-Bit Server VM (25.112-b06 mixed mode windows-amd64 compressed oops)
Heap:
 PSYoungGen      total 304640K, used 148886K [0x00000000e0000000, 0x00000000f4800000, 0x0000000100000000)
  eden space 289792K, 49% used [0x00000000e0000000,0x00000000e8acbfe8,0x00000000f1b00000)
  from space 14848K, 45% used [0x00000000f3980000,0x00000000f4019b90,0x00000000f4800000)
  to   space 23040K, 0% used [0x00000000f1b00000,0x00000000f1b00000,0x00000000f3180000)
 ParOldGen       total 120320K, used 56920K [0x00000000a0000000, 0x00000000a7580000, 0x00000000e0000000)
  object space 120320K, 47% used [0x00000000a0000000,0x00000000a37960b0,0x00000000a7580000)
 Metaspace       used 62529K, capacity 64878K, committed 65024K, reserved 1105920K
  class space    used 7948K, capacity 8360K, committed 8448K, reserved 1048576K
GC Heap History (10 events):
Event: 34.187 GC heap before
{Heap before GC invocations=21 (full 3):
 PSYoungGen      total 222208K, used 16950K [0x00000000e0000000, 0x00000000ef300000, 0x0000000100000000)
  eden space 200704K, 0% used [0x00000000e0000000,0x00000000e0000000,0x00000000ec400000)
  from space 21504K, 78% used [0x00000000ede00000,0x00000000eee8db20,0x00000000ef300000)
  to   space 24064K, 0% used [0x00000000ec400000,0x00000000ec400000,0x00000000edb80000)
 ParOldGen       total 63488K, used 44762K [0x00000000a0000000, 0x00000000a3e00000, 0x00000000e0000000)
  object space 63488K, 70% used [0x00000000a0000000,0x00000000a2bb6aa8,0x00000000a3e00000)
 Metaspace       used 57112K, capacity 59078K, committed 59136K, reserved 1099776K
  class space    used 7504K, capacity 7909K, committed 7936K, reserved 1048576K
Event: 34.552 GC heap after
Heap after GC invocations=21 (full 3):
 PSYoungGen      total 222208K, used 0K [0x00000000e0000000, 0x00000000ef300000, 0x0000000100000000)
  eden space 200704K, 0% used [0x00000000e0000000,0x00000000e0000000,0x00000000ec400000)
  from space 21504K, 0% used [0x00000000ede00000,0x00000000ede00000,0x00000000ef300000)
  to   space 24064K, 0% used [0x00000000ec400000,0x00000000ec400000,0x00000000edb80000)
 ParOldGen       total 120320K, used 52909K [0x00000000a0000000, 0x00000000a7580000, 0x00000000e0000000)
  object space 120320K, 43% used [0x00000000a0000000,0x00000000a33ab6d8,0x00000000a7580000)
 Metaspace       used 56784K, capacity 58666K, committed 59136K, reserved 1099776K
  class space    used 7460K, capacity 7837K, committed 7936K, reserved 1048576K
}
Event: 39.483 GC heap before
{Heap before GC invocations=22 (full 3):
 PSYoungGen      total 222208K, used 200425K [0x00000000e0000000, 0x00000000ef300000, 0x0000000100000000)
  eden space 200704K, 99% used [0x00000000e0000000,0x00000000ec3ba710,0x00000000ec400000)
  from space 21504K, 0% used [0x00000000ede00000,0x00000000ede00000,0x00000000ef300000)
  to   space 24064K, 0% used [0x00000000ec400000,0x00000000ec400000,0x00000000edb80000)
 ParOldGen       total 120320K, used 52909K [0x00000000a0000000, 0x00000000a7580000, 0x00000000e0000000)
  object space 120320K, 43% used [0x00000000a0000000,0x00000000a33ab6d8,0x00000000a7580000)
 Metaspace       used 57702K, capacity 59702K, committed 59776K, reserved 1101824K
  class space    used 7568K, capacity 7992K, committed 8064K, reserved 1048576K
Event: 39.487 GC heap after
Heap after GC invocations=22 (full 3):
 PSYoungGen      total 224768K, used 4324K [0x00000000e0000000, 0x00000000f1a00000, 0x0000000100000000)
  eden space 200704K, 0% used [0x00000000e0000000,0x00000000e0000000,0x00000000ec400000)
  from space 24064K, 17% used [0x00000000ec400000,0x00000000ec839090,0x00000000edb80000)
  to   space 24064K, 0% used [0x00000000f0280000,0x00000000f0280000,0x00000000f1a00000)
 ParOldGen       total 120320K, used 52917K [0x00000000a0000000, 0x00000000a7580000, 0x00000000e0000000)
  object space 120320K, 43% used [0x00000000a0000000,0x00000000a33ad6d8,0x00000000a7580000)
 Metaspace       used 57702K, capacity 59702K, committed 59776K, reserved 1101824K
  class space    used 7568K, capacity 7992K, committed 8064K, reserved 1048576K
}
Event: 39.521 GC heap before
{Heap before GC invocations=23 (full 3):
 PSYoungGen      total 224768K, used 204283K [0x00000000e0000000, 0x00000000f1a00000, 0x0000000100000000)
  eden space 200704K, 99% used [0x00000000e0000000,0x00000000ec345c30,0x00000000ec400000)
  from space 24064K, 17% used [0x00000000ec400000,0x00000000ec839090,0x00000000edb80000)
  to   space 24064K, 0% used [0x00000000f0280000,0x00000000f0280000,0x00000000f1a00000)
 ParOldGen       total 120320K, used 52917K [0x00000000a0000000, 0x00000000a7580000, 0x00000000e0000000)
  object space 120320K, 43% used [0x00000000a0000000,0x00000000a33ad6d8,0x00000000a7580000)
 Metaspace       used 57709K, capacity 59702K, committed 59776K, reserved 1101824K
  class space    used 7568K, capacity 7992K, committed 8064K, reserved 1048576K
Event: 39.524 GC heap after
Heap after GC invocations=23 (full 3):
 PSYoungGen      total 264192K, used 128K [0x00000000e0000000, 0x00000000f2780000, 0x0000000100000000)
  eden space 240128K, 0% used [0x00000000e0000000,0x00000000e0000000,0x00000000eea80000)
  from space 24064K, 0% used [0x00000000f0280000,0x00000000f02a0000,0x00000000f1a00000)
  to   space 24576K, 0% used [0x00000000eea80000,0x00000000eea80000,0x00000000f0280000)
 ParOldGen       total 120320K, used 54936K [0x00000000a0000000, 0x00000000a7580000, 0x00000000e0000000)
  object space 120320K, 45% used [0x00000000a0000000,0x00000000a35a62a0,0x00000000a7580000)
 Metaspace       used 57709K, capacity 59702K, committed 59776K, reserved 1101824K
  class space    used 7568K, capacity 7992K, committed 8064K, reserved 1048576K
}
Event: 88.326 GC heap before
{Heap before GC invocations=24 (full 3):
 PSYoungGen      total 264192K, used 240256K [0x00000000e0000000, 0x00000000f2780000, 0x0000000100000000)
  eden space 240128K, 100% used [0x00000000e0000000,0x00000000eea80000,0x00000000eea80000)
  from space 24064K, 0% used [0x00000000f0280000,0x00000000f02a0000,0x00000000f1a00000)
  to   space 24576K, 0% used [0x00000000eea80000,0x00000000eea80000,0x00000000f0280000)
 ParOldGen       total 120320K, used 54936K [0x00000000a0000000, 0x00000000a7580000, 0x00000000e0000000)
  object space 120320K, 45% used [0x00000000a0000000,0x00000000a35a62a0,0x00000000a7580000)
 Metaspace       used 59931K, capacity 62016K, committed 62208K, reserved 1103872K
  class space    used 7742K, capacity 8149K, committed 8192K, reserved 1048576K
Event: 88.341 GC heap after
Heap after GC invocations=24 (full 3):
 PSYoungGen      total 264704K, used 3786K [0x00000000e0000000, 0x00000000f5100000, 0x0000000100000000)
  eden space 240128K, 0% used [0x00000000e0000000,0x00000000e0000000,0x00000000eea80000)
  from space 24576K, 15% used [0x00000000eea80000,0x00000000eee32a78,0x00000000f0280000)
  to   space 24064K, 0% used [0x00000000f3980000,0x00000000f3980000,0x00000000f5100000)
 ParOldGen       total 120320K, used 54960K [0x00000000a0000000, 0x00000000a7580000, 0x00000000e0000000)
  object space 120320K, 45% used [0x00000000a0000000,0x00000000a35ac2a0,0x00000000a7580000)
 Metaspace       used 59931K, capacity 62016K, committed 62208K, reserved 1103872K
  class space    used 7742K, capacity 8149K, committed 8192K, reserved 1048576K
}
Event: 135.930 GC heap before
{Heap before GC invocations=25 (full 3):
 PSYoungGen      total 264704K, used 243914K [0x00000000e0000000, 0x00000000f5100000, 0x0000000100000000)
  eden space 240128K, 100% used [0x00000000e0000000,0x00000000eea80000,0x00000000eea80000)
  from space 24576K, 15% used [0x00000000eea80000,0x00000000eee32a78,0x00000000f0280000)
  to   space 24064K, 0% used [0x00000000f3980000,0x00000000f3980000,0x00000000f5100000)
 ParOldGen       total 120320K, used 54960K [0x00000000a0000000, 0x00000000a7580000, 0x00000000e0000000)
  object space 120320K, 45% used [0x00000000a0000000,0x00000000a35ac2a0,0x00000000a7580000)
 Metaspace       used 61578K, capacity 63716K, committed 63872K, reserved 1105920K
  class space    used 7854K, capacity 8257K, committed 8320K, reserved 1048576K
Event: 135.949 GC heap after
Heap after GC invocations=25 (full 3):
 PSYoungGen      total 304640K, used 6758K [0x00000000e0000000, 0x00000000f4800000, 0x0000000100000000)
  eden space 289792K, 0% used [0x00000000e0000000,0x00000000e0000000,0x00000000f1b00000)
  from space 14848K, 45% used [0x00000000f3980000,0x00000000f4019b90,0x00000000f4800000)
  to   space 23040K, 0% used [0x00000000f1b00000,0x00000000f1b00000,0x00000000f3180000)
 ParOldGen       total 120320K, used 56920K [0x00000000a0000000, 0x00000000a7580000, 0x00000000e0000000)
  object space 120320K, 47% used [0x00000000a0000000,0x00000000a37960b0,0x00000000a7580000)
 Metaspace       used 61578K, capacity 63716K, committed 63872K, reserved 1105920K
  class space    used 7854K, capacity 8257K, committed 8320K, reserved 1048576K
}

